instructorApi.js:59 
        
        
        GET http://localhost:5000/api/instructor/assignments 404 (Not Found)
dispatchXhrRequest @ xhr.js:195
xhr @ xhr.js:15
dispatchRequest @ dispatchRequest.js:51
_request @ Axios.js:173
request @ Axios.js:40
Axios.<computed> @ Axios.js:199
wrap @ bind.js:5
getAssignments @ instructorApi.js:59
fetchAssignments @ InstructorAssignments.jsx:31
(anonymous) @ InstructorAssignments.jsx:40
commitHookEffectListMount @ react-dom.development.js:23189
commitPassiveMountOnFiber @ react-dom.development.js:24965
commitPassiveMountEffects_complete @ react-dom.development.js:24930
commitPassiveMountEffects_begin @ react-dom.development.js:24917
commitPassiveMountEffects @ react-dom.development.js:24905
flushPassiveEffectsImpl @ react-dom.development.js:27078
flushPassiveEffects @ react-dom.development.js:27023
commitRootImpl @ react-dom.development.js:26974
commitRoot @ react-dom.development.js:26721
performSyncWorkOnRoot @ react-dom.development.js:26156
flushSyncCallbacks @ react-dom.development.js:12042
(anonymous) @ react-dom.development.js:25690
Show 19 more frames
Show less
InstructorAssignments.jsx:34  Error fetching assignments: AxiosError {message: 'Request failed with status code 404', name: 'AxiosError', code: 'ERR_BAD_REQUEST', config: {…}, request: XMLHttpRequest, …}
fetchAssignments @ InstructorAssignments.jsx:34
await in fetchAssignments
(anonymous) @ InstructorAssignments.jsx:40
commitHookEffectListMount @ react-dom.development.js:23189
commitPassiveMountOnFiber @ react-dom.development.js:24965
commitPassiveMountEffects_complete @ react-dom.development.js:24930
commitPassiveMountEffects_begin @ react-dom.development.js:24917
commitPassiveMountEffects @ react-dom.development.js:24905
flushPassiveEffectsImpl @ react-dom.development.js:27078
flushPassiveEffects @ react-dom.development.js:27023
commitRootImpl @ react-dom.development.js:26974
commitRoot @ react-dom.development.js:26721
performSyncWorkOnRoot @ react-dom.development.js:26156
flushSyncCallbacks @ react-dom.development.js:12042
(anonymous) @ react-dom.development.js:25690
Show 12 more frames
Show less
instructorApi.js:59 
        
        
        GET http://localhost:5000/api/instructor/assignments 404 (Not Found)
dispatchXhrRequest @ xhr.js:195
xhr @ xhr.js:15
dispatchRequest @ dispatchRequest.js:51
_request @ Axios.js:173
request @ Axios.js:40
Axios.<computed> @ Axios.js:199
wrap @ bind.js:5
getAssignments @ instructorApi.js:59
fetchAssignments @ InstructorAssignments.jsx:31
(anonymous) @ InstructorAssignments.jsx:40
commitHookEffectListMount @ react-dom.development.js:23189
invokePassiveEffectMountInDEV @ react-dom.development.js:25193
invokeEffectsInDev @ react-dom.development.js:27390
commitDoubleInvokeEffectsInDEV @ react-dom.development.js:27369
flushPassiveEffectsImpl @ react-dom.development.js:27095
flushPassiveEffects @ react-dom.development.js:27023
commitRootImpl @ react-dom.development.js:26974
commitRoot @ react-dom.development.js:26721
performSyncWorkOnRoot @ react-dom.development.js:26156
flushSyncCallbacks @ react-dom.development.js:12042
(anonymous) @ react-dom.development.js:25690
Show 18 more frames
Show less
InstructorAssignments.jsx:34  Error fetching assignments: AxiosError {message: 'Request failed with status code 404', name: 'AxiosError', code: 'ERR_BAD_REQUEST', config: {…}, request: XMLHttpRequest, …}
fetchAssignments @ InstructorAssignments.jsx:34
await in fetchAssignments
(anonymous) @ InstructorAssignments.jsx:40
commitHookEffectListMount @ react-dom.development.js:23189
invokePassiveEffectMountInDEV @ react-dom.development.js:25193
invokeEffectsInDev @ react-dom.development.js:27390
commitDoubleInvokeEffectsInDEV @ react-dom.development.js:27369
flushPassiveEffectsImpl @ react-dom.development.js:27095
flushPassiveEffects @ react-dom.development.js:27023
commitRootImpl @ react-dom.development.js:26974
commitRoot @ react-dom.development.js:26721
performSyncWorkOnRoot @ react-dom.development.js:26156
flushSyncCallbacks @ react-dom.development.js:12042
(anonymous) @ react-dom.development.js:25690
Show 11 more frames
Show less
instructorApi.js:59 
        
        
        GET http://localhost:5000/api/instructor/assignments 404 (Not Found)
dispatchXhrRequest @ xhr.js:195
xhr @ xhr.js:15
dispatchRequest @ dispatchRequest.js:51
_request @ Axios.js:173
request @ Axios.js:40
Axios.<computed> @ Axios.js:199
wrap @ bind.js:5
getAssignments @ instructorApi.js:59
fetchAssignments @ InstructorAssignments.jsx:31
handleCreateAssignment @ InstructorAssignments.jsx:19
await in handleCreateAssignment
callCallback2 @ react-dom.development.js:4164
invokeGuardedCallbackDev @ react-dom.development.js:4213
invokeGuardedCallback @ react-dom.development.js:4277
invokeGuardedCallbackAndCatchFirstError @ react-dom.development.js:4291
executeDispatch @ react-dom.development.js:9041
processDispatchQueueItemsInOrder @ react-dom.development.js:9073
processDispatchQueue @ react-dom.development.js:9086
dispatchEventsForPlugins @ react-dom.development.js:9097
(anonymous) @ react-dom.development.js:9288
batchedUpdates$1 @ react-dom.development.js:26179
batchedUpdates @ react-dom.development.js:3991
dispatchEventForPluginEventSystem @ react-dom.development.js:9287
dispatchEventWithEnableCapturePhaseSelectiveHydrationWithoutDiscreteEventReplay @ react-dom.development.js:6465
dispatchEvent @ react-dom.development.js:6457
dispatchDiscreteEvent @ react-dom.development.js:6430
Show 22 more frames
Show less
InstructorAssignments.jsx:34  Error fetching assignments: AxiosError {message: 'Request failed with status code 404', name: 'AxiosError', code: 'ERR_BAD_REQUEST', config: {…}, request: XMLHttpRequest, …}
fetchAssignments @ InstructorAssignments.jsx:34
await in fetchAssignments
handleCreateAssignment @ InstructorAssignments.jsx:19
await in handleCreateAssignment
callCallback2 @ react-dom.development.js:4164
invokeGuardedCallbackDev @ react-dom.development.js:4213
invokeGuardedCallback @ react-dom.development.js:4277
invokeGuardedCallbackAndCatchFirstError @ react-dom.development.js:4291
executeDispatch @ react-dom.development.js:9041
processDispatchQueueItemsInOrder @ react-dom.development.js:9073
processDispatchQueue @ react-dom.development.js:9086
dispatchEventsForPlugins @ react-dom.development.js:9097
(anonymous) @ react-dom.development.js:9288
batchedUpdates$1 @ react-dom.development.js:26179
batchedUpdates @ react-dom.development.js:3991
dispatchEventForPluginEventSystem @ react-dom.development.js:9287
dispatchEventWithEnableCapturePhaseSelectiveHydrationWithoutDiscreteEventReplay @ react-dom.development.js:6465
dispatchEvent @ react-dom.development.js:6457
dispatchDiscreteEvent @ react-dom.development.js:6430
Show 15 more frames
Show less
instructorApi.js:59 
        
        
        GET http://localhost:5000/api/instructor/assignments 404 (Not Found)
dispatchXhrRequest @ xhr.js:195
xhr @ xhr.js:15
dispatchRequest @ dispatchRequest.js:51
_request @ Axios.js:173
request @ Axios.js:40
Axios.<computed> @ Axios.js:199
wrap @ bind.js:5
getAssignments @ instructorApi.js:59
fetchAssignments @ InstructorAssignments.jsx:31
(anonymous) @ InstructorAssignments.jsx:40
commitHookEffectListMount @ react-dom.development.js:23189
commitPassiveMountOnFiber @ react-dom.development.js:24965
commitPassiveMountEffects_complete @ react-dom.development.js:24930
commitPassiveMountEffects_begin @ react-dom.development.js:24917
commitPassiveMountEffects @ react-dom.development.js:24905
flushPassiveEffectsImpl @ react-dom.development.js:27078
flushPassiveEffects @ react-dom.development.js:27023
commitRootImpl @ react-dom.development.js:26974
commitRoot @ react-dom.development.js:26721
performSyncWorkOnRoot @ react-dom.development.js:26156
flushSyncCallbacks @ react-dom.development.js:12042
(anonymous) @ react-dom.development.js:25690
Show 19 more frames
Show less
InstructorAssignments.jsx:34  Error fetching assignments: AxiosError {message: 'Request failed with status code 404', name: 'AxiosError', code: 'ERR_BAD_REQUEST', config: {…}, request: XMLHttpRequest, …}
fetchAssignments @ InstructorAssignments.jsx:34
await in fetchAssignments
(anonymous) @ InstructorAssignments.jsx:40
commitHookEffectListMount @ react-dom.development.js:23189
commitPassiveMountOnFiber @ react-dom.development.js:24965
commitPassiveMountEffects_complete @ react-dom.development.js:24930
commitPassiveMountEffects_begin @ react-dom.development.js:24917
commitPassiveMountEffects @ react-dom.development.js:24905
flushPassiveEffectsImpl @ react-dom.development.js:27078
flushPassiveEffects @ react-dom.development.js:27023
commitRootImpl @ react-dom.development.js:26974
commitRoot @ react-dom.development.js:26721
performSyncWorkOnRoot @ react-dom.development.js:26156
flushSyncCallbacks @ react-dom.development.js:12042
(anonymous) @ react-dom.development.js:25690
Show 12 more frames
Show less
instructorApi.js:59 
        
        
        GET http://localhost:5000/api/instructor/assignments 404 (Not Found)
dispatchXhrRequest @ xhr.js:195
xhr @ xhr.js:15
dispatchRequest @ dispatchRequest.js:51
_request @ Axios.js:173
request @ Axios.js:40
Axios.<computed> @ Axios.js:199
wrap @ bind.js:5
getAssignments @ instructorApi.js:59
fetchAssignments @ InstructorAssignments.jsx:31
(anonymous) @ InstructorAssignments.jsx:40
commitHookEffectListMount @ react-dom.development.js:23189
invokePassiveEffectMountInDEV @ react-dom.development.js:25193
invokeEffectsInDev @ react-dom.development.js:27390
commitDoubleInvokeEffectsInDEV @ react-dom.development.js:27369
flushPassiveEffectsImpl @ react-dom.development.js:27095
flushPassiveEffects @ react-dom.development.js:27023
commitRootImpl @ react-dom.development.js:26974
commitRoot @ react-dom.development.js:26721
performSyncWorkOnRoot @ react-dom.development.js:26156
flushSyncCallbacks @ react-dom.development.js:12042
(anonymous) @ react-dom.development.js:25690
Show 18 more frames
Show less
InstructorAssignments.jsx:34  Error fetching assignments: AxiosError {message: 'Request failed with status code 404', name: 'AxiosError', code: 'ERR_BAD_REQUEST', config: {…}, request: XMLHttpRequest, …}
fetchAssignments @ InstructorAssignments.jsx:34
await in fetchAssignments
(anonymous) @ InstructorAssignments.jsx:40
commitHookEffectListMount @ react-dom.development.js:23189
invokePassiveEffectMountInDEV @ react-dom.development.js:25193
invokeEffectsInDev @ react-dom.development.js:27390
commitDoubleInvokeEffectsInDEV @ react-dom.development.js:27369
flushPassiveEffectsImpl @ react-dom.development.js:27095
flushPassiveEffects @ react-dom.development.js:27023
commitRootImpl @ react-dom.development.js:26974
commitRoot @ react-dom.development.js:26721
performSyncWorkOnRoot @ react-dom.development.js:26156
flushSyncCallbacks @ react-dom.development.js:12042
(anonymous) @ react-dom.development.js:25690
Show 11 more frames
Show less
