chunk-6BKLQ22S.js?v=a30f8590:21551 Download the React DevTools for a better development experience: https://reactjs.org/link/react-devtools
Books.jsx:49 
        
        
       POST http://localhost:5173/api/flashcards/generate 404 (Not Found)
dispatchXhrRequest @ axios.js?v=a30f8590:1680
xhr @ axios.js?v=a30f8590:1560
dispatchRequest @ axios.js?v=a30f8590:2035
_request @ axios.js?v=a30f8590:2240
request @ axios.js?v=a30f8590:2141
httpMethod @ axios.js?v=a30f8590:2269
wrap @ axios.js?v=a30f8590:8
fetchFlashcards @ Books.jsx:49
handleSectionClick @ Books.jsx:41
onClick @ Books.jsx:134
callCallback2 @ chunk-6BKLQ22S.js?v=a30f8590:3674
invokeGuardedCallbackDev @ chunk-6BKLQ22S.js?v=a30f8590:3699
invokeGuardedCallback @ chunk-6BKLQ22S.js?v=a30f8590:3733
invokeGuardedCallbackAndCatchFirstError @ chunk-6BKLQ22S.js?v=a30f8590:3736
executeDispatch @ chunk-6BKLQ22S.js?v=a30f8590:7014
processDispatchQueueItemsInOrder @ chunk-6BKLQ22S.js?v=a30f8590:7034
processDispatchQueue @ chunk-6BKLQ22S.js?v=a30f8590:7043
dispatchEventsForPlugins @ chunk-6BKLQ22S.js?v=a30f8590:7051
(anonymous) @ chunk-6BKLQ22S.js?v=a30f8590:7174
batchedUpdates$1 @ chunk-6BKLQ22S.js?v=a30f8590:18913
batchedUpdates @ chunk-6BKLQ22S.js?v=a30f8590:3579
dispatchEventForPluginEventSystem @ chunk-6BKLQ22S.js?v=a30f8590:7173
dispatchEventWithEnableCapturePhaseSelectiveHydrationWithoutDiscreteEventReplay @ chunk-6BKLQ22S.js?v=a30f8590:5478
dispatchEvent @ chunk-6BKLQ22S.js?v=a30f8590:5472
dispatchDiscreteEvent @ chunk-6BKLQ22S.js?v=a30f8590:5449
Show 22 more frames
Show less
Books.jsx:61 AxiosError {message: 'Request failed with status code 404', name: 'AxiosError', code: 'ERR_BAD_REQUEST', config: {…}, request: XMLHttpRequest, …}
fetchFlashcards @ Books.jsx:61
await in fetchFlashcards
handleSectionClick @ Books.jsx:41
onClick @ Books.jsx:134
callCallback2 @ chunk-6BKLQ22S.js?v=a30f8590:3674
invokeGuardedCallbackDev @ chunk-6BKLQ22S.js?v=a30f8590:3699
invokeGuardedCallback @ chunk-6BKLQ22S.js?v=a30f8590:3733
invokeGuardedCallbackAndCatchFirstError @ chunk-6BKLQ22S.js?v=a30f8590:3736
executeDispatch @ chunk-6BKLQ22S.js?v=a30f8590:7014
processDispatchQueueItemsInOrder @ chunk-6BKLQ22S.js?v=a30f8590:7034
processDispatchQueue @ chunk-6BKLQ22S.js?v=a30f8590:7043
dispatchEventsForPlugins @ chunk-6BKLQ22S.js?v=a30f8590:7051
(anonymous) @ chunk-6BKLQ22S.js?v=a30f8590:7174
batchedUpdates$1 @ chunk-6BKLQ22S.js?v=a30f8590:18913
batchedUpdates @ chunk-6BKLQ22S.js?v=a30f8590:3579
dispatchEventForPluginEventSystem @ chunk-6BKLQ22S.js?v=a30f8590:7173
dispatchEventWithEnableCapturePhaseSelectiveHydrationWithoutDiscreteEventReplay @ chunk-6BKLQ22S.js?v=a30f8590:5478
dispatchEvent @ chunk-6BKLQ22S.js?v=a30f8590:5472
dispatchDiscreteEvent @ chunk-6BKLQ22S.js?v=a30f8590:5449
Show 15 more frames
Show less
