chunk-6BKLQ22S.js?v=9a2083ab:21551 Download the React DevTools for a better development experience: https://reactjs.org/link/react-devtools
api.js:32 
        
        
       GET http://localhost:5000/api/courses 404 (Not Found)
dispatchXhrRequest @ axios.js?v=9a2083ab:1680
xhr @ axios.js?v=9a2083ab:1560
dispatchRequest @ axios.js?v=9a2083ab:2035
_request @ axios.js?v=9a2083ab:2240
request @ axios.js?v=9a2083ab:2141
Axios.<computed> @ axios.js?v=9a2083ab:2259
wrap @ axios.js?v=9a2083ab:8
getCourses @ api.js:32
fetchData @ Chatbot.jsx:39
(anonymous) @ Chatbot.jsx:54
commitHookEffectListMount @ chunk-6BKLQ22S.js?v=9a2083ab:16915
commitPassiveMountOnFiber @ chunk-6BKLQ22S.js?v=9a2083ab:18156
commitPassiveMountEffects_complete @ chunk-6BKLQ22S.js?v=9a2083ab:18129
commitPassiveMountEffects_begin @ chunk-6BKLQ22S.js?v=9a2083ab:18119
commitPassiveMountEffects @ chunk-6BKLQ22S.js?v=9a2083ab:18109
flushPassiveEffectsImpl @ chunk-6BKLQ22S.js?v=9a2083ab:19490
flushPassiveEffects @ chunk-6BKLQ22S.js?v=9a2083ab:19447
commitRootImpl @ chunk-6BKLQ22S.js?v=9a2083ab:19416
commitRoot @ chunk-6BKLQ22S.js?v=9a2083ab:19277
performSyncWorkOnRoot @ chunk-6BKLQ22S.js?v=9a2083ab:18895
flushSyncCallbacks @ chunk-6BKLQ22S.js?v=9a2083ab:9119
(anonymous) @ chunk-6BKLQ22S.js?v=9a2083ab:18627
Show 19 more frames
Show less
Chatbot.jsx:51 Error fetching student data: AxiosError {message: 'Request failed with status code 404', name: 'AxiosError', code: 'ERR_BAD_REQUEST', config: {…}, request: XMLHttpRequest, …}
fetchData @ Chatbot.jsx:51
await in fetchData
(anonymous) @ Chatbot.jsx:54
commitHookEffectListMount @ chunk-6BKLQ22S.js?v=9a2083ab:16915
commitPassiveMountOnFiber @ chunk-6BKLQ22S.js?v=9a2083ab:18156
commitPassiveMountEffects_complete @ chunk-6BKLQ22S.js?v=9a2083ab:18129
commitPassiveMountEffects_begin @ chunk-6BKLQ22S.js?v=9a2083ab:18119
commitPassiveMountEffects @ chunk-6BKLQ22S.js?v=9a2083ab:18109
flushPassiveEffectsImpl @ chunk-6BKLQ22S.js?v=9a2083ab:19490
flushPassiveEffects @ chunk-6BKLQ22S.js?v=9a2083ab:19447
commitRootImpl @ chunk-6BKLQ22S.js?v=9a2083ab:19416
commitRoot @ chunk-6BKLQ22S.js?v=9a2083ab:19277
performSyncWorkOnRoot @ chunk-6BKLQ22S.js?v=9a2083ab:18895
flushSyncCallbacks @ chunk-6BKLQ22S.js?v=9a2083ab:9119
(anonymous) @ chunk-6BKLQ22S.js?v=9a2083ab:18627
Show 12 more frames
Show less
api.js:32 
        
        
       GET http://localhost:5000/api/courses 404 (Not Found)
dispatchXhrRequest @ axios.js?v=9a2083ab:1680
xhr @ axios.js?v=9a2083ab:1560
dispatchRequest @ axios.js?v=9a2083ab:2035
_request @ axios.js?v=9a2083ab:2240
request @ axios.js?v=9a2083ab:2141
Axios.<computed> @ axios.js?v=9a2083ab:2259
wrap @ axios.js?v=9a2083ab:8
getCourses @ api.js:32
fetchData @ Chatbot.jsx:39
(anonymous) @ Chatbot.jsx:54
commitHookEffectListMount @ chunk-6BKLQ22S.js?v=9a2083ab:16915
invokePassiveEffectMountInDEV @ chunk-6BKLQ22S.js?v=9a2083ab:18324
invokeEffectsInDev @ chunk-6BKLQ22S.js?v=9a2083ab:19701
commitDoubleInvokeEffectsInDEV @ chunk-6BKLQ22S.js?v=9a2083ab:19686
flushPassiveEffectsImpl @ chunk-6BKLQ22S.js?v=9a2083ab:19503
flushPassiveEffects @ chunk-6BKLQ22S.js?v=9a2083ab:19447
commitRootImpl @ chunk-6BKLQ22S.js?v=9a2083ab:19416
commitRoot @ chunk-6BKLQ22S.js?v=9a2083ab:19277
performSyncWorkOnRoot @ chunk-6BKLQ22S.js?v=9a2083ab:18895
flushSyncCallbacks @ chunk-6BKLQ22S.js?v=9a2083ab:9119
(anonymous) @ chunk-6BKLQ22S.js?v=9a2083ab:18627
Show 18 more frames
Show less
Chatbot.jsx:51 Error fetching student data: AxiosError {message: 'Request failed with status code 404', name: 'AxiosError', code: 'ERR_BAD_REQUEST', config: {…}, request: XMLHttpRequest, …}
fetchData @ Chatbot.jsx:51
await in fetchData
(anonymous) @ Chatbot.jsx:54
commitHookEffectListMount @ chunk-6BKLQ22S.js?v=9a2083ab:16915
invokePassiveEffectMountInDEV @ chunk-6BKLQ22S.js?v=9a2083ab:18324
invokeEffectsInDev @ chunk-6BKLQ22S.js?v=9a2083ab:19701
commitDoubleInvokeEffectsInDEV @ chunk-6BKLQ22S.js?v=9a2083ab:19686
flushPassiveEffectsImpl @ chunk-6BKLQ22S.js?v=9a2083ab:19503
flushPassiveEffects @ chunk-6BKLQ22S.js?v=9a2083ab:19447
commitRootImpl @ chunk-6BKLQ22S.js?v=9a2083ab:19416
commitRoot @ chunk-6BKLQ22S.js?v=9a2083ab:19277
performSyncWorkOnRoot @ chunk-6BKLQ22S.js?v=9a2083ab:18895
flushSyncCallbacks @ chunk-6BKLQ22S.js?v=9a2083ab:9119
(anonymous) @ chunk-6BKLQ22S.js?v=9a2083ab:18627
Show 11 more frames
Show less
